<?xml version="1.0" encoding="UTF-8"?>
<coverage generated="1686517018538" clover="3.2.0">
  <project timestamp="1686517018539" name="All files">
    <metrics statements="8" coveredstatements="4" conditionals="0" coveredconditionals="0" methods="5" coveredmethods="1" elements="13" coveredelements="5" complexity="0" loc="8" ncloc="8" packages="1" files="1" classes="1"/>
    <file name="Employee.js" path="C:\Users\chrst\bootcamp\profile-tool-10\lib\Employee.js">
      <metrics statements="8" coveredstatements="4" conditionals="0" coveredconditionals="0" methods="5" coveredmethods="1"/>
      <line num="12" count="1" type="stmt"/>
      <line num="14" count="1" type="stmt"/>
      <line num="15" count="1" type="stmt"/>
      <line num="16" count="1" type="stmt"/>
      <line num="19" count="0" type="stmt"/>
      <line num="22" count="0" type="stmt"/>
      <line num="25" count="0" type="stmt"/>
      <line num="28" count="0" type="stmt"/>
    </file>
  </project>
</coverage>
